<?xml version="1.0" encoding="UTF-8"?>
<robot generator="Robot 7.1 (Python 3.12.6 on win32)" generated="2025-01-27T23:42:15.995685" rpa="false" schemaversion="5">
<suite id="s1" name="Executar" source="c:\Users\jefle\OneDrive - Universidade Federal do Ceará\Documentos\Projeto QA\New project\suites\executar.robot">
<test id="s1-t1" name="Teste 1" line="10">
<kw name="Abrir o site e entrar" owner="setup_teardown" type="SETUP">
<kw name="Dado que entro no site" owner="home_page">
<kw name="Open Browser" owner="SeleniumLibrary">
<msg time="2025-01-27T23:42:16.575726" level="INFO">Opening browser 'chrome' to base url 'https://walkdog.vercel.app/'.</msg>
<arg>${geral.URL}</arg>
<arg>chrome</arg>
<doc>Opens a new browser instance to the optional ``url``.</doc>
<status status="PASS" start="2025-01-27T23:42:16.571872" elapsed="2.136159"/>
</kw>
<status status="PASS" start="2025-01-27T23:42:16.566959" elapsed="2.144655"/>
</kw>
<kw name="E clico para iniciar" owner="home_page">
<kw name="Click Element" owner="SeleniumLibrary">
<msg time="2025-01-27T23:42:18.728307" level="INFO">Clicking element '(//span)[1]'.</msg>
<arg>${home.Enter}</arg>
<doc>Click the element identified by ``locator``.</doc>
<status status="PASS" start="2025-01-27T23:42:18.723344" elapsed="0.255148"/>
</kw>
<status status="PASS" start="2025-01-27T23:42:18.717640" elapsed="0.265376"/>
</kw>
<status status="PASS" start="2025-01-27T23:42:16.550877" elapsed="2.433154"/>
</kw>
<kw name="E me registro" owner="registrar">
<kw name="Input Text" owner="SeleniumLibrary">
<msg time="2025-01-27T23:42:19.012477" level="INFO">Typing text ' Edward Sheeran' into text field '//input[@name="name"]'.</msg>
<arg>${register.inputnomecompleto}</arg>
<arg>${registro.Nomecompleto}</arg>
<doc>Types the given ``text`` into the text field identified by ``locator``.</doc>
<status status="PASS" start="2025-01-27T23:42:18.994660" elapsed="0.665284"/>
</kw>
<kw name="Press Key" owner="SeleniumLibrary">
<arg>${register.inputnomecompleto}</arg>
<arg>\\13</arg>
<doc>Simulates user pressing key on element identified by ``locator``.</doc>
<status status="PASS" start="2025-01-27T23:42:19.665001" elapsed="0.168725"/>
</kw>
<kw name="Input Text" owner="SeleniumLibrary">
<msg time="2025-01-27T23:42:19.843287" level="INFO">Typing text 'teste@gmail.com' into text field '//input[@name="email"]'.</msg>
<arg>${register.inputEmail}</arg>
<arg>${registro.Email}</arg>
<doc>Types the given ``text`` into the text field identified by ``locator``.</doc>
<status status="PASS" start="2025-01-27T23:42:19.836718" elapsed="0.451863"/>
</kw>
<kw name="Input Text" owner="SeleniumLibrary">
<msg time="2025-01-27T23:42:20.302716" level="INFO">Typing text '00000000000' into text field '//input[@name="cpf"]'.</msg>
<arg>${register.inputCPF}</arg>
<arg>${registro.CPF}</arg>
<doc>Types the given ``text`` into the text field identified by ``locator``.</doc>
<status status="PASS" start="2025-01-27T23:42:20.292127" elapsed="0.311160"/>
</kw>
<kw name="Input Text" owner="SeleniumLibrary">
<msg time="2025-01-27T23:42:20.616408" level="INFO">Typing text '60833535' into text field '//input[@name="cep"]'.</msg>
<arg>${register.inputCEP}</arg>
<arg>${registro.CEP}</arg>
<doc>Types the given ``text`` into the text field identified by ``locator``.</doc>
<status status="PASS" start="2025-01-27T23:42:20.603287" elapsed="0.369580"/>
</kw>
<kw name="Click Button" owner="SeleniumLibrary">
<msg time="2025-01-27T23:42:20.986228" level="INFO">Clicking button '//input[@type="button"]'.</msg>
<arg>${register.inputBuscar}</arg>
<doc>Clicks the button identified by ``locator``.</doc>
<status status="PASS" start="2025-01-27T23:42:20.975556" elapsed="0.337036"/>
</kw>
<kw name="Wait Until Element Is Enabled" owner="SeleniumLibrary">
<arg>${register.inputBuscar}</arg>
<doc>Waits until the element ``locator`` is enabled.</doc>
<status status="PASS" start="2025-01-27T23:42:21.317573" elapsed="0.085194"/>
</kw>
<kw name="Input Text" owner="SeleniumLibrary">
<msg time="2025-01-27T23:42:21.406103" level="INFO">Typing text '100' into text field '//input[@name="addressNumber"]'.</msg>
<arg>${register.inputNUMERO}</arg>
<arg>100</arg>
<doc>Types the given ``text`` into the text field identified by ``locator``.</doc>
<status status="PASS" start="2025-01-27T23:42:21.403759" elapsed="0.194223"/>
</kw>
<kw name="Click Element" owner="SeleniumLibrary">
<msg time="2025-01-27T23:42:21.605525" level="INFO">Clicking element '//img[@src="/static/media/care.da95fc40d07de684ba44.png"]'.</msg>
<arg>${register.imgatividade1}</arg>
<doc>Click the element identified by ``locator``.</doc>
<status status="PASS" start="2025-01-27T23:42:21.602527" elapsed="0.170102"/>
</kw>
<kw name="Wait Until Element Is Enabled" owner="SeleniumLibrary">
<arg>${register.imgatividade1}</arg>
<doc>Waits until the element ``locator`` is enabled.</doc>
<status status="PASS" start="2025-01-27T23:42:21.773624" elapsed="0.078061"/>
</kw>
<kw name="Click Element" owner="SeleniumLibrary">
<msg time="2025-01-27T23:42:21.858643" level="INFO">Clicking element '//img[@src="/static/media/train.76340ac43fd11b8a312f.png"]'.</msg>
<arg>${register.imgatividade2}</arg>
<doc>Click the element identified by ``locator``.</doc>
<status status="PASS" start="2025-01-27T23:42:21.854641" elapsed="0.135348"/>
</kw>
<kw name="Wait Until Element Is Enabled" owner="SeleniumLibrary">
<arg>${register.imgatividade2}</arg>
<doc>Waits until the element ``locator`` is enabled.</doc>
<status status="PASS" start="2025-01-27T23:42:21.991045" elapsed="0.052037"/>
</kw>
<kw name="Upar imagem" owner="upar_imagem">
<kw name="Choose File" owner="SeleniumLibrary">
<msg time="2025-01-27T23:42:22.055878" level="INFO">Sending C:\Users\jefle\OneDrive - Universidade Federal do Ceará\Documentos\Projeto QA\ C:\Users\jefle\OneDrive - Universidade Federal do Ceará\Documentos\Projeto QA\New project\resources\shared\imagem\CIDADES-23.08-1-780x470.png to browser.</msg>
<arg>${register.p_documents}</arg>
<arg>${imagem.imagem1}</arg>
<doc>Inputs the ``file_path`` into the file input field ``locator``.</doc>
<status status="PASS" start="2025-01-27T23:42:22.050078" elapsed="0.069863"/>
</kw>
<status status="PASS" start="2025-01-27T23:42:22.047093" elapsed="0.072848"/>
</kw>
<kw name="Wait Until Element Is Visible" owner="SeleniumLibrary">
<arg>${register.button_register}</arg>
<doc>Waits until the element ``locator`` is visible.</doc>
<status status="PASS" start="2025-01-27T23:42:22.121428" elapsed="0.045839"/>
</kw>
<status status="PASS" start="2025-01-27T23:42:18.989714" elapsed="3.178560"/>
</kw>
<kw name="Então cadastro" owner="registrar">
<kw name="Click Button" owner="SeleniumLibrary">
<msg time="2025-01-27T23:42:22.176696" level="INFO">Clicking button '//button[@class="button-register"]'.</msg>
<arg>${register.button_register}</arg>
<doc>Clicks the button identified by ``locator``.</doc>
<status status="PASS" start="2025-01-27T23:42:22.172687" elapsed="0.164654"/>
</kw>
<status status="PASS" start="2025-01-27T23:42:22.169785" elapsed="0.170228"/>
</kw>
<kw name="Então valido" owner="validar">
<kw name="Wait Until Element Is Visible" owner="SeleniumLibrary">
<arg>${register.button_register}</arg>
<doc>Waits until the element ``locator`` is visible.</doc>
<status status="PASS" start="2025-01-27T23:42:22.346932" elapsed="0.061274"/>
</kw>
<status status="PASS" start="2025-01-27T23:42:22.343918" elapsed="0.065920"/>
</kw>
<status status="PASS" start="2025-01-27T23:42:16.550877" elapsed="5.861542"/>
</test>
<status status="PASS" start="2025-01-27T23:42:16.007143" elapsed="6.415875"/>
</suite>
<statistics>
<total>
<stat pass="1" fail="0" skip="0">All Tests</stat>
</total>
<tag>
</tag>
<suite>
<stat pass="1" fail="0" skip="0" id="s1" name="Executar">Executar</stat>
</suite>
</statistics>
<errors>
</errors>
</robot>
